<?xml version="1.0" encoding="UTF-8"?>
<!-- Generated by org.testng.reporters.JUnitReportReporter -->
<testsuite hostname="iMac-de-Siham.local" failures="0" tests="2" name="tests.Test_EndtoEnd" time="7.836" errors="0" timestamp="31 Oct 2018 15:32:33 GMT" skipped="0">
  <testcase classname="tests.Test_EndtoEnd" name="verifyReceivedEmail" time="3.773"/>
  <testcase classname="tests.Test_EndtoEnd" name="verifySentEmail" time="4.063"/>
</testsuite> <!-- tests.Test_EndtoEnd -->
