<?xml version="1.0" encoding="UTF-8"?>
<!-- Generated by org.testng.reporters.JUnitReportReporter -->
<testsuite hostname="iMac-de-Siham.local" failures="0" tests="2" name="tests.Test_EndtoEnd" time="6.687" errors="0" timestamp="13 Nov 2018 10:56:48 GMT" skipped="0">
  <testcase classname="tests.Test_EndtoEnd" name="verifyReceivedEmail" time="3.892"/>
  <testcase classname="tests.Test_EndtoEnd" name="verifySentEmail" time="2.795"/>
</testsuite> <!-- tests.Test_EndtoEnd -->
